<?xml version="1.0" encoding="UTF-8"?>
<testng-results ignored="0" total="1" passed="1" failed="0" skipped="0">
  <reporter-output>
  </reporter-output>
  <suite started-at="2025-06-05T16:05:52 IST" name="Default suite" finished-at="2025-06-05T16:06:01 IST" duration-ms="9568">
    <groups>
    </groups>
    <test started-at="2025-06-05T16:05:52 IST" name="Default test" finished-at="2025-06-05T16:06:01 IST" duration-ms="9568">
      <class name="log4j.Log4jFrameWork">
        <test-method signature="Login()[pri:0, instance:log4j.Log4jFrameWork@74d1dc36]" started-at="2025-06-05T16:05:52 IST" name="Login" finished-at="2025-06-05T16:06:01 IST" duration-ms="9520" status="PASS">
          <reporter-output>
          </reporter-output>
        </test-method> <!-- Login -->
      </class> <!-- log4j.Log4jFrameWork -->
    </test> <!-- Default test -->
  </suite> <!-- Default suite -->
</testng-results>
